<?xml version="1.0" encoding="UTF-8"?>
<testsuite name="com.email.email_service.EmailServiceApplicationTests" tests="1" skipped="0" failures="0" errors="0" timestamp="2023-08-27T11:17:15" hostname="Jitendras-MacBook-Pro.local" time="0.319">
  <properties/>
  <testcase name="contextLoads()" classname="com.email.email_service.EmailServiceApplicationTests" time="0.319"/>
  <system-out><![CDATA[16:47:13.276 [Test worker] INFO org.springframework.test.context.support.AnnotationConfigContextLoaderUtils -- Could not detect default configuration classes for test class [com.email.email_service.EmailServiceApplicationTests]: EmailServiceApplicationTests does not declare any static, non-private, non-final, nested classes annotated with @Configuration.
16:47:13.322 [Test worker] INFO org.springframework.boot.test.context.SpringBootTestContextBootstrapper -- Found @SpringBootConfiguration com.email.email_service.EmailServiceApplication for test class com.email.email_service.EmailServiceApplicationTests

  .   ____          _            __ _ _
 /\\ / ___'_ __ _ _(_)_ __  __ _ \ \ \ \
( ( )\___ | '_ | '_| | '_ \/ _` | \ \ \ \
 \\/  ___)| |_)| | | | | || (_| |  ) ) ) )
  '  |____| .__|_| |_|_| |_\__, | / / / /
 =========|_|==============|___/=/_/_/_/
 :: Spring Boot ::                (v3.1.3)

2023-08-27T16:47:13.479+05:30  INFO 38139 --- [    Test worker] c.e.e.EmailServiceApplicationTests       : Starting EmailServiceApplicationTests using Java 17.0.6 with PID 38139 (started by jitendrakumar in /Users/jitendrakumar/Documents/float/email-servive)
2023-08-27T16:47:13.480+05:30  INFO 38139 --- [    Test worker] c.e.e.EmailServiceApplicationTests       : No active profile set, falling back to 1 default profile: "default"
2023-08-27T16:47:13.723+05:30  INFO 38139 --- [    Test worker] .s.d.r.c.RepositoryConfigurationDelegate : Bootstrapping Spring Data JPA repositories in DEFAULT mode.
2023-08-27T16:47:13.756+05:30  INFO 38139 --- [    Test worker] .s.d.r.c.RepositoryConfigurationDelegate : Finished Spring Data repository scanning in 29 ms. Found 1 JPA repository interfaces.
2023-08-27T16:47:13.954+05:30  INFO 38139 --- [    Test worker] o.hibernate.jpa.internal.util.LogHelper  : HHH000204: Processing PersistenceUnitInfo [name: default]
2023-08-27T16:47:13.973+05:30  INFO 38139 --- [    Test worker] org.hibernate.Version                    : HHH000412: Hibernate ORM core version 6.2.7.Final
2023-08-27T16:47:13.974+05:30  INFO 38139 --- [    Test worker] org.hibernate.cfg.Environment            : HHH000406: Using bytecode reflection optimizer
2023-08-27T16:47:14.028+05:30  INFO 38139 --- [    Test worker] o.h.b.i.BytecodeProviderInitiator        : HHH000021: Bytecode provider name : bytebuddy
2023-08-27T16:47:14.081+05:30  INFO 38139 --- [    Test worker] o.s.o.j.p.SpringPersistenceUnitInfo      : No LoadTimeWeaver setup: ignoring JPA class transformer
2023-08-27T16:47:14.088+05:30  INFO 38139 --- [    Test worker] com.zaxxer.hikari.HikariDataSource       : HikariPool-1 - Starting...
2023-08-27T16:47:14.090+05:30  WARN 38139 --- [    Test worker] c.zaxxer.hikari.util.DriverDataSource    : Registered driver with driverClassName=com.mysql.jdbc.Driver was not found, trying direct instantiation.
2023-08-27T16:47:14.786+05:30  INFO 38139 --- [    Test worker] com.zaxxer.hikari.pool.HikariPool        : HikariPool-1 - Added connection com.mysql.cj.jdbc.ConnectionImpl@10bdfbcc
2023-08-27T16:47:14.787+05:30  INFO 38139 --- [    Test worker] com.zaxxer.hikari.HikariDataSource       : HikariPool-1 - Start completed.
2023-08-27T16:47:14.950+05:30  INFO 38139 --- [    Test worker] o.h.b.i.BytecodeProviderInitiator        : HHH000021: Bytecode provider name : bytebuddy
2023-08-27T16:47:15.193+05:30  INFO 38139 --- [    Test worker] o.h.e.t.j.p.i.JtaPlatformInitiator       : HHH000490: Using JtaPlatform implementation: [org.hibernate.engine.transaction.jta.platform.internal.NoJtaPlatform]
2023-08-27T16:47:15.329+05:30  INFO 38139 --- [    Test worker] j.LocalContainerEntityManagerFactoryBean : Initialized JPA EntityManagerFactory for persistence unit 'default'
2023-08-27T16:47:15.492+05:30  WARN 38139 --- [    Test worker] JpaBaseConfiguration$JpaWebConfiguration : spring.jpa.open-in-view is enabled by default. Therefore, database queries may be performed during view rendering. Explicitly configure spring.jpa.open-in-view to disable this warning
2023-08-27T16:47:15.771+05:30  INFO 38139 --- [    Test worker] c.e.e.EmailServiceApplicationTests       : Started EmailServiceApplicationTests in 2.385 seconds (process running for 2.861)
]]></system-out>
  <system-err><![CDATA[Loading class `com.mysql.jdbc.Driver'. This is deprecated. The new driver class is `com.mysql.cj.jdbc.Driver'. The driver is automatically registered via the SPI and manual loading of the driver class is generally unnecessary.
]]></system-err>
</testsuite>
